<?xml version="1.0" encoding="UTF-8"?>
<!-- Generated by org.testng.reporters.JUnitXMLReporter -->
<testsuite hostname="LAPTOP-C4QLKEEG" ignored="1" name="Test" tests="1" failures="0" timestamp="2021-12-27T13:24:54 IST" time="21.403" errors="0">
  <testcase name="createOrgDemoTest" time="0.008" classname="com.crm.autoDesk.orgTest.CreateOrgTest"/>
  <testcase name="createOrgTest" time="0.0" classname="com.crm.autoDesk.orgTest.CreateOrgTest">
    <ignored/>
  </testcase> <!-- createOrgTest -->
</testsuite> <!-- Test -->
