<?xml version="1.0" encoding="UTF-8"?>
<!-- Generated by org.testng.reporters.JUnitXMLReporter -->
<testsuite hostname="LAPTOP-C4QLKEEG" ignored="2" name="TestRunner-1" tests="3" failures="0" timestamp="2021-12-27T13:37:29 IST" time="110.611" errors="0">
  <testcase name="CreateContactTest" time="29.261" classname="com.crm.autoDesk.contactTest.CreateContactTest"/>
  <testcase name="createOrgDemoTest" time="0.003" classname="com.crm.autoDesk.orgTest.CreateOrgTest"/>
  <testcase name="createOrgTest" time="24.309" classname="com.crm.autoDesk.orgTest.CreateOrgTest"/>
  <testcase name="@AfterSuite closeConnection" time="0.0" classname="com.crm.autodesk.genericutility.BaseClass">
    <ignored/>
  </testcase> <!-- @AfterSuite closeConnection -->
  <testcase name="@BeforeSuite dbConnection" time="0.0" classname="com.crm.autodesk.genericutility.BaseClass">
    <ignored/>
  </testcase> <!-- @BeforeSuite dbConnection -->
</testsuite> <!-- TestRunner-1 -->
