<?xml version="1.0" encoding="UTF-8"?>
<!-- Generated by org.testng.reporters.JUnitXMLReporter -->
<testsuite hostname="LAPTOP-C4QLKEEG" ignored="2" name="TestRunner-2" tests="3" failures="0" timestamp="2021-12-27T13:37:28 IST" time="109.456" errors="0">
  <testcase name="CreateContactTest" time="30.35" classname="com.crm.autoDesk.contactTest.CreateContactTest"/>
  <testcase name="createOrgDemoTest" time="0.008" classname="com.crm.autoDesk.orgTest.CreateOrgTest"/>
  <testcase name="createOrgTest" time="25.106" classname="com.crm.autoDesk.orgTest.CreateOrgTest"/>
  <testcase name="@AfterSuite closeConnection" time="0.0" classname="com.crm.autodesk.genericutility.BaseClass">
    <ignored/>
  </testcase> <!-- @AfterSuite closeConnection -->
  <testcase name="@BeforeSuite dbConnection" time="0.0" classname="com.crm.autodesk.genericutility.BaseClass">
    <ignored/>
  </testcase> <!-- @BeforeSuite dbConnection -->
</testsuite> <!-- TestRunner-2 -->
