<?xml version="1.0" encoding="UTF-8"?>
<!-- Generated by org.testng.reporters.JUnitXMLReporter -->
<testsuite hostname="LAPTOP-C4QLKEEG" ignored="2" name="TestRunner-Chrome" tests="3" failures="0" timestamp="2021-12-27T14:55:15 IST" time="120.706" errors="0">
  <testcase name="createOrgDemoTest" time="0.016" classname="com.crm.autoDesk.orgTest.CreateOrgTest"/>
  <testcase name="createOrgTest" time="27.533" classname="com.crm.autoDesk.orgTest.CreateOrgTest"/>
  <testcase name="CreateContactTest" time="27.133" classname="com.crm.autoDesk.contactTest.CreateContactTest"/>
  <testcase name="@AfterSuite closeConnection" time="0.0" classname="com.crm.autodesk.genericutility.BaseClass">
    <ignored/>
  </testcase> <!-- @AfterSuite closeConnection -->
  <testcase name="@BeforeSuite dbConnection" time="0.0" classname="com.crm.autodesk.genericutility.BaseClass">
    <ignored/>
  </testcase> <!-- @BeforeSuite dbConnection -->
</testsuite> <!-- TestRunner-Chrome -->
